<?xml version="1.0" encoding="UTF-8"?>
<!-- Generated by org.testng.reporters.JUnitReportReporter -->
<testsuite hostname="DESKTOP-E9O47MM" failures="0" tests="1" name="flightBookingWorkflow.FlightBookingWorkflowTest" time="14.391" errors="0" timestamp="2024-04-03T20:24:52 IST" skipped="0">
  <testcase classname="flightBookingWorkflow.FlightBookingWorkflowTest" name="makeMyTripFlightBookingWorkflow" time="14.391"/>
  <system-out/>
</testsuite> <!-- flightBookingWorkflow.FlightBookingWorkflowTest -->
